This file contains any messages produced by compilers while
running configure, to aid debugging if configure makes a mistake.

It was created by libtcd configure 2.2.7, which was
generated by GNU Autoconf 2.72.  Invocation command line was

  $ configure --prefix=/@unixroot/usr/local 'LDFLAGS=-Zomf -Zmap -Zhigh-mem' LIBS=-lcx

## --------- ##
## Platform. ##
## --------- ##

hostname = 
uname -m = i386
uname -r = 1
uname -s = OS/2
uname -v = 2.45

/usr/bin/uname -p = unknown
/bin/uname -X     = unknown

/bin/arch              = unknown
/usr/bin/arch -k       = unknown
/usr/convex/getsysinfo = unknown
/usr/bin/hostinfo      = unknown
/bin/machine           = unknown
/usr/bin/oslevel       = unknown
/bin/universe          = unknown

PATH: M:\usr\libexec\bin/
PATH: M:\SYS\BIN/
PATH: M:\OS2/
PATH: M:\USR\LOCAL\BIN/
PATH: M:\USR\SBIN/
PATH: M:\USR\BIN/
PATH: M:\IBMGSK50\BIN/
PATH: M:\IBMGSK40\BIN/
PATH: M:\IBMGSK\BIN/
PATH: M:\MPTN\BIN/
PATH: M:\TCPIP\BIN/
PATH: M:\IBMCOM/
PATH: M:\OS2\SYSTEM/
PATH: M:\OS2\MDOS\WINOS2/
PATH: M:\OS2\INSTALL/
PATH: M:\/
PATH: M:\OS2\MDOS/
PATH: M:\OS2\APPS/
PATH: M:\MMOS2\FREEDB/
PATH: M:\MMOS2/
PATH: M:\MMOS2\MMPLAYER/
PATH: M:\PROGRAMS\NDFS/
PATH: M:\SYS\APPS\4OS2/
PATH: M:\PROGRAMS\ARCTOOL/
PATH: M:\PROGRAMS\OPENJDK\BIN/
PATH: ./


## ----------- ##
## Core tests. ##
## ----------- ##

configure:2588: looking for aux files: config.guess config.sub ltmain.sh ar-lib compile missing install-sh
configure:2601:  trying ./
configure:2630:   ./config.guess found
configure:2630:   ./config.sub found
configure:2630:   ./ltmain.sh found
configure:2630:   ./ar-lib found
configure:2630:   ./compile found
configure:2630:   ./missing found
configure:2612:   ./install-sh found
configure:2838: checking for a BSD-compatible install
configure:2912: result: /@unixroot/usr/bin/install.exe -c
configure:2923: checking whether build environment is sane
configure:2978: result: yes
configure:3137: checking for a race-free mkdir -p
configure:3180: result: /@unixroot/usr/bin/mkdir.exe -p
configure:3187: checking for gawk
configure:3208: found /@unixroot/usr/bin/gawk
configure:3220: result: gawk
configure:3231: checking whether make sets $(MAKE)
configure:3255: result: yes
configure:3285: checking whether make supports nested variables
configure:3304: result: yes
configure:3510: checking for gcc
configure:3531: found /@unixroot/usr/bin/gcc.exe
configure:3543: result: gcc
configure:3902: checking for C compiler version
configure:3911: gcc --version >&5
gcc (GCC) 9.2.0 20190812 (OS/2 RPM build 9.2.0-5.oc00)
Copyright (C) 2019 Free Software Foundation, Inc.
This is free software; see the source for copying conditions.  There is NO
warranty; not even for MERCHANTABILITY or FITNESS FOR A PARTICULAR PURPOSE.

configure:3922: $? = 0
configure:3911: gcc -v >&5
Using built-in specs.
COLLECT_GCC=gcc
COLLECT_LTO_WRAPPER=M:/usr/bin/../libexec/gcc/i686-pc-os2-emx/9/lto-wrapper.exe
Target: i686-pc-os2-emx
Configured with: D:/Users/dmik/rpmbuild/BUILD/gcc-os2-gcc-9_2_0-release-os2-b3/configure --disable-bootstrap --enable-languages=c,c++ --build=i686-pc-os2-emx --with-sysroot=/@unixroot --prefix=/@unixroot/usr --mandir=/@unixroot/usr/share/man --infodir=/@unixroot/usr/share/info --with-bugurl=https://github.com/bitwiseworks/gcc-os2/issues --enable-shared --enable-threads --enable-checking=release --disable-multilib --with-system-zlib --with-gcc-major-version-only --without-isl --with-tune=generic --with-arch=i686 --with-gnu-as --disable-libstdcxx-pch
Thread model: os2
gcc version 9.2.0 20190812 (OS/2 RPM build 9.2.0-5.oc00) (GCC) 
configure:3922: $? = 0
configure:3911: gcc -V >&5
gcc: error: unrecognized command line option '-V'
gcc: fatal error: no input files
compilation terminated.
configure:3922: $? = 1
configure:3911: gcc -qversion >&5
gcc: error: unrecognized command line option '-qversion'; did you mean '--version'?
gcc: fatal error: no input files
compilation terminated.
configure:3922: $? = 1
configure:3911: gcc -version >&5
gcc: error: unrecognized command line option '-version'
gcc: fatal error: no input files
compilation terminated.
configure:3922: $? = 1
configure:3942: checking whether the C compiler works
configure:3964: eval gcc   -Zomf -Zmap -Zhigh-mem conftest.c -lcx -lm >&5
configure:3968: $? = 0
configure:4019: result: yes
configure:4023: checking for C compiler default output file name
configure:4025: result: conftest.exe
configure:4031: checking for suffix of executables
configure:4038: eval gcc -o conftest.exe   -Zomf -Zmap -Zhigh-mem conftest.c -lcx -lm >&5
configure:4042: $? = 0
configure:4066: result: .exe
configure:4090: checking whether we are cross compiling
configure:4098: eval gcc -o conftest.exe   -Zomf -Zmap -Zhigh-mem conftest.c -lcx -lm >&5
configure:4102: $? = 0
configure:4109: ./conftest.exe
configure:4113: $? = 0
configure:4101: result: no
configure:4107: checking for suffix of object files
configure:4130: gcc -c   conftest.c >&5
configure:4134: $? = 0
configure:4158: result: o
configure:4162: checking whether the compiler supports GNU C
configure:4182: gcc -c   conftest.c >&5
configure:4182: $? = 0
configure:4194: result: yes
configure:4205: checking whether gcc accepts -g
configure:4226: gcc -c  -g  conftest.c >&5
configure:4226: $? = 0
configure:4273: result: yes
configure:4293: checking for gcc option to enable C11 features
configure:4308: gcc  -c -g -O2  conftest.c >&5
configure:4308: $? = 0
configure:4327: result: none needed
configure:4451: checking whether gcc understands -c and -o together
configure:4474: gcc -c conftest.c -o conftest2.o
configure:4477: $? = 0
configure:4474: gcc -c conftest.c -o conftest2.o
configure:4477: $? = 0
configure:4490: result: yes
configure:4510: checking whether make supports the include directive
configure:4525: make -f confmf.GNU && cat confinc.out
this is the am__doit target 
configure:4528: $? = 0
configure:4525: make -f confmf.BSD && cat confinc.out
confmf.BSD:1: *** missing separator.  Stop.
configure:4528: $? = 2
configure:4547: result: no
configure:4573: checking dependency style of gcc
configure:4686: result: none
configure:4758: checking for ar
configure:4779: found /@unixroot/usr/bin/ar.exe
configure:4791: result: ar
configure:4817: checking the archiver (ar) interface
configure:4834: gcc -c -g -O2  conftest.c >&5
configure:4834: $? = 0
configure:4837: ar cru libconftest.a conftest.o >&5
configure:4840: $? = 0
configure:4869: result: ar
configure:4921: checking build system type
configure:4937: result: i386-pc-os2-emx
configure:4957: checking host system type
configure:4972: result: i386-pc-os2-emx
configure:5013: checking how to print strings
configure:5040: result: printf
configure:5061: checking for a sed that does not truncate output
configure:5133: result: /@unixroot/usr/bin/sed
configure:5151: checking for grep that handles long lines and -e
configure:5217: result: /@unixroot/usr/bin/grep.exe
configure:5222: checking for egrep
configure:5292: result: /@unixroot/usr/bin/grep.exe -E
configure:5299: checking for fgrep
configure:5369: result: /@unixroot/usr/bin/grep.exe -F
configure:5406: checking for ld used by gcc
configure:5475: result: /@unixroot/usr/bin/ld
configure:5482: checking if the linker (/@unixroot/usr/bin/ld) is GNU ld
configure:5499: result: no
configure:5511: checking for BSD- or MS-compatible name lister (nm)
configure:5567: result: /@unixroot/usr/bin/nm -B
configure:5709: checking the name lister (/@unixroot/usr/bin/nm -B) interface
configure:5717: gcc -c -g -O2  conftest.c >&5
configure:5720: /@unixroot/usr/bin/nm -B "conftest.o"
configure:5723: output
00000000 B _some_variable
configure:5731: result: BSD nm
configure:5734: checking whether ln -s works
configure:5738: result: yes
configure:5746: checking the maximum length of command line arguments
configure:5879: result: 8192
configure:5927: checking how to convert i386-pc-os2-emx file names to i386-pc-os2-emx format
configure:5969: result: func_convert_file_noop
configure:5976: checking how to convert i386-pc-os2-emx file names to toolchain format
configure:5998: result: func_convert_file_noop
configure:6005: checking for /@unixroot/usr/bin/ld option to reload object files
configure:6014: result: -r
configure:6047: checking for file
configure:6068: found /@unixroot/usr/bin/file.exe
configure:6081: result: file
configure:6144: checking for objdump
configure:6165: found /@unixroot/usr/bin/objdump.exe
configure:6177: result: objdump
configure:6209: checking how to recognize dependent libraries
configure:6421: result: pass_all
configure:6512: checking for dlltool
configure:6548: result: no
configure:6578: checking how to associate runtime and link libraries
configure:6607: result: printf %s\n
configure:6667: checking for ranlib
configure:6688: found /@unixroot/usr/bin/ranlib.exe
configure:6700: result: ranlib
configure:6863: checking for archiver @FILE support
configure:6881: gcc -c -g -O2  conftest.c >&5
configure:6881: $? = 0
configure:6885: ar cr libconftest.a @conftest.lst >&5
configure:6888: $? = 0
configure:6893: ar cr libconftest.a @conftest.lst >&5
ar: conftest.o: No such file or directory
configure:6896: $? = 1
configure:6909: result: @
configure:6973: checking for strip
configure:6994: found /@unixroot/usr/bin/strip.exe
configure:7006: result: strip
configure:7109: checking command to parse /@unixroot/usr/bin/nm -B output from gcc object
configure:7263: gcc -c -g -O2  conftest.c >&5
configure:7266: $? = 0
configure:7270: /@unixroot/usr/bin/nm -B conftest.o | /@unixroot/usr/bin/sed -n -e 's/^.*[	 ]\([ABCDGIRSTW][ABCDGIRSTW]*\)[	 ][	 ]*\([_A-Za-z][_A-Za-z0-9]*\)$/\1 \2 \2/p' | /@unixroot/usr/bin/sed '/ __gnu_lto/d' > conftest.nm
cannot find nm_test_var in conftest.nm
configure:7263: gcc -c -g -O2  conftest.c >&5
configure:7266: $? = 0
configure:7270: /@unixroot/usr/bin/nm -B conftest.o | /@unixroot/usr/bin/sed -n -e 's/^.*[	 ]\([ABCDGIRSTW][ABCDGIRSTW]*\)[	 ][	 ]*_\([_A-Za-z][_A-Za-z0-9]*\)$/\1 _\2 \2/p' | /@unixroot/usr/bin/sed '/ __gnu_lto/d' > conftest.nm
configure:7336: eval gcc -o conftest.exe -g -O2  -Zomf -Zmap -Zhigh-mem conftest.c conftstm.o >&5
configure:7339: $? = 0
configure:7378: result: ok
configure:7425: checking for sysroot
configure:7459: result: no
configure:7466: checking for a working dd
configure:7511: result: /@unixroot/usr/bin/dd.exe
configure:7515: checking how to truncate binary pipes
configure:7532: result: /@unixroot/usr/bin/dd.exe bs=4096 count=1
configure:7872: checking for mt
configure:7908: result: no
configure:7928: checking if : is a manifest tool
configure:7935: : '-?'
configure:7944: result: no
configure:8741: checking for stdio.h
configure:8741: gcc -c -g -O2  conftest.c >&5
configure:8741: $? = 0
configure:8741: result: yes
configure:8741: checking for stdlib.h
configure:8741: gcc -c -g -O2  conftest.c >&5
configure:8741: $? = 0
configure:8741: result: yes
configure:8741: checking for string.h
configure:8741: gcc -c -g -O2  conftest.c >&5
configure:8741: $? = 0
configure:8741: result: yes
configure:8741: checking for inttypes.h
configure:8741: gcc -c -g -O2  conftest.c >&5
configure:8741: $? = 0
configure:8741: result: yes
configure:8741: checking for stdint.h
configure:8741: gcc -c -g -O2  conftest.c >&5
configure:8741: $? = 0
configure:8741: result: yes
configure:8741: checking for strings.h
configure:8741: gcc -c -g -O2  conftest.c >&5
configure:8741: $? = 0
configure:8741: result: yes
configure:8741: checking for sys/stat.h
configure:8741: gcc -c -g -O2  conftest.c >&5
configure:8741: $? = 0
configure:8741: result: yes
configure:8741: checking for sys/types.h
configure:8741: gcc -c -g -O2  conftest.c >&5
configure:8741: $? = 0
configure:8741: result: yes
configure:8741: checking for unistd.h
configure:8741: gcc -c -g -O2  conftest.c >&5
configure:8741: $? = 0
configure:8741: result: yes
configure:8766: checking for dlfcn.h
configure:8766: gcc -c -g -O2  conftest.c >&5
configure:8766: $? = 0
configure:8766: result: yes
configure:9069: checking for objdir
configure:9086: result: .libs
configure:9352: checking if gcc supports -fno-rtti -fno-exceptions
configure:9371: gcc -c -g -O2  -fno-rtti -fno-exceptions conftest.c >&5
cc1.exe: warning: command line option '-fno-rtti' is valid for C++/D/ObjC++ but not for C
configure:9375: $? = 0
configure:9389: result: no
configure:9762: checking for gcc option to produce PIC
configure:9771: result: -DDLL_EXPORT -DPIC
configure:9779: checking if gcc PIC flag -DDLL_EXPORT -DPIC works
configure:9798: gcc -c -g -O2  -DDLL_EXPORT -DPIC -DPIC conftest.c >&5
configure:9802: $? = 0
configure:9816: result: yes
configure:9845: checking if gcc static flag -Wl,-static works
configure:9875: result: yes
configure:9890: checking if gcc supports -c -o file.o
configure:9912: gcc -c -g -O2  -o out/conftest2.o conftest.c >&5
configure:9916: $? = 0
configure:9939: result: yes
configure:9947: checking if gcc supports -c -o file.o
configure:9996: result: yes
configure:10029: checking whether the gcc linker (/@unixroot/usr/bin/ld) supports shared libraries
configure:11317: result: yes
configure:11559: checking dynamic linker characteristics
configure:12932: result: OS/2 ld.exe
configure:13059: checking how to hardcode library paths into programs
configure:13084: result: immediate
configure:13684: checking whether stripping libraries is possible
configure:13693: result: yes
configure:13735: checking if libtool supports shared libraries
configure:13737: result: yes
configure:13740: checking whether to build shared libraries
configure:13765: result: yes
configure:13768: checking whether to build static libraries
configure:13772: result: yes
configure:13810: checking for int8_t
configure:13810: gcc -c -g -O2  conftest.c >&5
configure:13810: $? = 0
configure:13810: gcc -c -g -O2  conftest.c >&5
conftest.c: In function 'main':
conftest.c:55:12: error: size of array 'test_array' is negative
   55 | static int test_array [1 - 2 * !((int8_t) (((((int8_t) 1 << N) << N) - 1) * 2 + 1)
      |            ^~~~~~~~~~
configure:13810: $? = 1
configure: failed program was:
| /* confdefs.h */
| #define PACKAGE_NAME "libtcd"
| #define PACKAGE_TARNAME "libtcd"
| #define PACKAGE_VERSION "2.2.7"
| #define PACKAGE_STRING "libtcd 2.2.7"
| #define PACKAGE_BUGREPORT "dave@flaterco.com"
| #define PACKAGE_URL ""
| #define PACKAGE "libtcd"
| #define VERSION "2.2.7"
| #define HAVE_STDIO_H 1
| #define HAVE_STDLIB_H 1
| #define HAVE_STRING_H 1
| #define HAVE_INTTYPES_H 1
| #define HAVE_STDINT_H 1
| #define HAVE_STRINGS_H 1
| #define HAVE_SYS_STAT_H 1
| #define HAVE_SYS_TYPES_H 1
| #define HAVE_UNISTD_H 1
| #define STDC_HEADERS 1
| #define HAVE_DLFCN_H 1
| #define LT_OBJDIR ".libs/"
| /* end confdefs.h.  */
| #include <stddef.h>
| #ifdef HAVE_STDIO_H
| # include <stdio.h>
| #endif
| #ifdef HAVE_STDLIB_H
| # include <stdlib.h>
| #endif
| #ifdef HAVE_STRING_H
| # include <string.h>
| #endif
| #ifdef HAVE_INTTYPES_H
| # include <inttypes.h>
| #endif
| #ifdef HAVE_STDINT_H
| # include <stdint.h>
| #endif
| #ifdef HAVE_STRINGS_H
| # include <strings.h>
| #endif
| #ifdef HAVE_SYS_TYPES_H
| # include <sys/types.h>
| #endif
| #ifdef HAVE_SYS_STAT_H
| # include <sys/stat.h>
| #endif
| #ifdef HAVE_UNISTD_H
| # include <unistd.h>
| #endif
| 	        enum { N = 8 / 2 - 1 };
| int
| main (void)
| {
| static int test_array [1 - 2 * !((int8_t) (((((int8_t) 1 << N) << N) - 1) * 2 + 1)
| 		 < (int8_t) (((((int8_t) 1 << N) << N) - 1) * 2 + 2))];
| test_array [0] = 0;
| return test_array [0];
| 
|   ;
|   return 0;
| }
configure:13810: result: yes
configure:13819: checking for int16_t
configure:13819: gcc -c -g -O2  conftest.c >&5
configure:13819: $? = 0
configure:13819: gcc -c -g -O2  conftest.c >&5
conftest.c: In function 'main':
conftest.c:55:12: error: size of array 'test_array' is negative
   55 | static int test_array [1 - 2 * !((int16_t) (((((int16_t) 1 << N) << N) - 1) * 2 + 1)
      |            ^~~~~~~~~~
configure:13819: $? = 1
configure: failed program was:
| /* confdefs.h */
| #define PACKAGE_NAME "libtcd"
| #define PACKAGE_TARNAME "libtcd"
| #define PACKAGE_VERSION "2.2.7"
| #define PACKAGE_STRING "libtcd 2.2.7"
| #define PACKAGE_BUGREPORT "dave@flaterco.com"
| #define PACKAGE_URL ""
| #define PACKAGE "libtcd"
| #define VERSION "2.2.7"
| #define HAVE_STDIO_H 1
| #define HAVE_STDLIB_H 1
| #define HAVE_STRING_H 1
| #define HAVE_INTTYPES_H 1
| #define HAVE_STDINT_H 1
| #define HAVE_STRINGS_H 1
| #define HAVE_SYS_STAT_H 1
| #define HAVE_SYS_TYPES_H 1
| #define HAVE_UNISTD_H 1
| #define STDC_HEADERS 1
| #define HAVE_DLFCN_H 1
| #define LT_OBJDIR ".libs/"
| /* end confdefs.h.  */
| #include <stddef.h>
| #ifdef HAVE_STDIO_H
| # include <stdio.h>
| #endif
| #ifdef HAVE_STDLIB_H
| # include <stdlib.h>
| #endif
| #ifdef HAVE_STRING_H
| # include <string.h>
| #endif
| #ifdef HAVE_INTTYPES_H
| # include <inttypes.h>
| #endif
| #ifdef HAVE_STDINT_H
| # include <stdint.h>
| #endif
| #ifdef HAVE_STRINGS_H
| # include <strings.h>
| #endif
| #ifdef HAVE_SYS_TYPES_H
| # include <sys/types.h>
| #endif
| #ifdef HAVE_SYS_STAT_H
| # include <sys/stat.h>
| #endif
| #ifdef HAVE_UNISTD_H
| # include <unistd.h>
| #endif
| 	        enum { N = 16 / 2 - 1 };
| int
| main (void)
| {
| static int test_array [1 - 2 * !((int16_t) (((((int16_t) 1 << N) << N) - 1) * 2 + 1)
| 		 < (int16_t) (((((int16_t) 1 << N) << N) - 1) * 2 + 2))];
| test_array [0] = 0;
| return test_array [0];
| 
|   ;
|   return 0;
| }
configure:13819: result: yes
configure:13828: checking for int32_t
configure:13828: gcc -c -g -O2  conftest.c >&5
configure:13828: $? = 0
configure:13828: gcc -c -g -O2  conftest.c >&5
conftest.c: In function 'main':
conftest.c:56:53: warning: integer overflow in expression of type 'int' results in '-2147483648' [-Woverflow]
   56 |    < (int32_t) (((((int32_t) 1 << N) << N) - 1) * 2 + 2))];
      |                                                     ^
conftest.c:55:12: error: storage size of 'test_array' isn't constant
   55 | static int test_array [1 - 2 * !((int32_t) (((((int32_t) 1 << N) << N) - 1) * 2 + 1)
      |            ^~~~~~~~~~
configure:13828: $? = 1
configure: failed program was:
| /* confdefs.h */
| #define PACKAGE_NAME "libtcd"
| #define PACKAGE_TARNAME "libtcd"
| #define PACKAGE_VERSION "2.2.7"
| #define PACKAGE_STRING "libtcd 2.2.7"
| #define PACKAGE_BUGREPORT "dave@flaterco.com"
| #define PACKAGE_URL ""
| #define PACKAGE "libtcd"
| #define VERSION "2.2.7"
| #define HAVE_STDIO_H 1
| #define HAVE_STDLIB_H 1
| #define HAVE_STRING_H 1
| #define HAVE_INTTYPES_H 1
| #define HAVE_STDINT_H 1
| #define HAVE_STRINGS_H 1
| #define HAVE_SYS_STAT_H 1
| #define HAVE_SYS_TYPES_H 1
| #define HAVE_UNISTD_H 1
| #define STDC_HEADERS 1
| #define HAVE_DLFCN_H 1
| #define LT_OBJDIR ".libs/"
| /* end confdefs.h.  */
| #include <stddef.h>
| #ifdef HAVE_STDIO_H
| # include <stdio.h>
| #endif
| #ifdef HAVE_STDLIB_H
| # include <stdlib.h>
| #endif
| #ifdef HAVE_STRING_H
| # include <string.h>
| #endif
| #ifdef HAVE_INTTYPES_H
| # include <inttypes.h>
| #endif
| #ifdef HAVE_STDINT_H
| # include <stdint.h>
| #endif
| #ifdef HAVE_STRINGS_H
| # include <strings.h>
| #endif
| #ifdef HAVE_SYS_TYPES_H
| # include <sys/types.h>
| #endif
| #ifdef HAVE_SYS_STAT_H
| # include <sys/stat.h>
| #endif
| #ifdef HAVE_UNISTD_H
| # include <unistd.h>
| #endif
| 	        enum { N = 32 / 2 - 1 };
| int
| main (void)
| {
| static int test_array [1 - 2 * !((int32_t) (((((int32_t) 1 << N) << N) - 1) * 2 + 1)
| 		 < (int32_t) (((((int32_t) 1 << N) << N) - 1) * 2 + 2))];
| test_array [0] = 0;
| return test_array [0];
| 
|   ;
|   return 0;
| }
configure:13828: result: yes
configure:13837: checking for int64_t
configure:13837: gcc -c -g -O2  conftest.c >&5
configure:13837: $? = 0
configure:13837: gcc -c -g -O2  conftest.c >&5
conftest.c: In function 'main':
conftest.c:56:53: warning: integer overflow in expression of type 'long long int' results in '-9223372036854775808' [-Woverflow]
   56 |    < (int64_t) (((((int64_t) 1 << N) << N) - 1) * 2 + 2))];
      |                                                     ^
conftest.c:55:12: error: storage size of 'test_array' isn't constant
   55 | static int test_array [1 - 2 * !((int64_t) (((((int64_t) 1 << N) << N) - 1) * 2 + 1)
      |            ^~~~~~~~~~
configure:13837: $? = 1
configure: failed program was:
| /* confdefs.h */
| #define PACKAGE_NAME "libtcd"
| #define PACKAGE_TARNAME "libtcd"
| #define PACKAGE_VERSION "2.2.7"
| #define PACKAGE_STRING "libtcd 2.2.7"
| #define PACKAGE_BUGREPORT "dave@flaterco.com"
| #define PACKAGE_URL ""
| #define PACKAGE "libtcd"
| #define VERSION "2.2.7"
| #define HAVE_STDIO_H 1
| #define HAVE_STDLIB_H 1
| #define HAVE_STRING_H 1
| #define HAVE_INTTYPES_H 1
| #define HAVE_STDINT_H 1
| #define HAVE_STRINGS_H 1
| #define HAVE_SYS_STAT_H 1
| #define HAVE_SYS_TYPES_H 1
| #define HAVE_UNISTD_H 1
| #define STDC_HEADERS 1
| #define HAVE_DLFCN_H 1
| #define LT_OBJDIR ".libs/"
| /* end confdefs.h.  */
| #include <stddef.h>
| #ifdef HAVE_STDIO_H
| # include <stdio.h>
| #endif
| #ifdef HAVE_STDLIB_H
| # include <stdlib.h>
| #endif
| #ifdef HAVE_STRING_H
| # include <string.h>
| #endif
| #ifdef HAVE_INTTYPES_H
| # include <inttypes.h>
| #endif
| #ifdef HAVE_STDINT_H
| # include <stdint.h>
| #endif
| #ifdef HAVE_STRINGS_H
| # include <strings.h>
| #endif
| #ifdef HAVE_SYS_TYPES_H
| # include <sys/types.h>
| #endif
| #ifdef HAVE_SYS_STAT_H
| # include <sys/stat.h>
| #endif
| #ifdef HAVE_UNISTD_H
| # include <unistd.h>
| #endif
| 	        enum { N = 64 / 2 - 1 };
| int
| main (void)
| {
| static int test_array [1 - 2 * !((int64_t) (((((int64_t) 1 << N) << N) - 1) * 2 + 1)
| 		 < (int64_t) (((((int64_t) 1 << N) << N) - 1) * 2 + 2))];
| test_array [0] = 0;
| return test_array [0];
| 
|   ;
|   return 0;
| }
configure:13837: result: yes
configure:13847: checking for uint8_t
configure:13847: gcc -c -g -O2  conftest.c >&5
configure:13847: $? = 0
configure:13847: result: yes
configure:13859: checking for uint16_t
configure:13859: gcc -c -g -O2  conftest.c >&5
configure:13859: $? = 0
configure:13859: result: yes
configure:13869: checking for uint32_t
configure:13869: gcc -c -g -O2  conftest.c >&5
configure:13869: $? = 0
configure:13869: result: yes
configure:13881: checking for uint64_t
configure:13881: gcc -c -g -O2  conftest.c >&5
configure:13881: $? = 0
configure:13881: result: yes
configure:13996: checking for io.h
configure:13996: gcc -c -g -O2  conftest.c >&5
configure:13996: $? = 0
configure:13996: result: yes
configure:14005: checking for ftruncate
configure:14025: eval gcc -o conftest.exe -g -O2  -Zomf -Zmap -Zhigh-mem conftest.c -lcx -lm >&5
configure:14025: $? = 0
configure:14027: result: yes
configure:14078: checking if #warning works
configure:14091: gcc -c -g -O2  conftest.c >&5
conftest.c: In function 'main':
conftest.c:28:2: warning: #warning warning [-Wcpp]
   28 | #warning warning
      |  ^~~~~~~
configure:14091: $? = 0
configure:14093: result: yes
configure:14268: checking that generated files are newer than configure
configure:14274: result: done
configure:14297: creating ./config.status

## ---------------------- ##
## Running config.status. ##
## ---------------------- ##

This file was extended by libtcd config.status 2.2.7, which was
generated by GNU Autoconf 2.72.  Invocation command line was

  CONFIG_FILES    = 
  CONFIG_HEADERS  = 
  CONFIG_LINKS    = 
  CONFIG_COMMANDS = 
  $ ./config.status 

on 

config.status:1039: creating Makefile
config.status:1039: creating tcd.h
config.status:1211: executing depfiles commands
config.status:1286: cd .       && sed -e '/# am--include-marker/d' Makefile         | make -f - am--depfiles
make: Nothing to be done for 'am--depfiles'.
config.status:1293: $? = 0
config.status:1211: executing libtool commands

## ---------------- ##
## Cache variables. ##
## ---------------- ##

ac_cv_build=i386-pc-os2-emx
ac_cv_c_compiler_gnu=yes
ac_cv_c_int16_t=yes
ac_cv_c_int32_t=yes
ac_cv_c_int64_t=yes
ac_cv_c_int8_t=yes
ac_cv_c_uint16_t=yes
ac_cv_c_uint32_t=yes
ac_cv_c_uint64_t=yes
ac_cv_c_uint8_t=yes
ac_cv_env_CC_set=
ac_cv_env_CC_value=
ac_cv_env_CFLAGS_set=
ac_cv_env_CFLAGS_value=
ac_cv_env_CPPFLAGS_set=
ac_cv_env_CPPFLAGS_value=
ac_cv_env_LDFLAGS_set=set
ac_cv_env_LDFLAGS_value='-Zomf -Zmap -Zhigh-mem'
ac_cv_env_LIBS_set=set
ac_cv_env_LIBS_value=-lcx
ac_cv_env_LT_SYS_LIBRARY_PATH_set=
ac_cv_env_LT_SYS_LIBRARY_PATH_value=
ac_cv_env_build_alias_set=
ac_cv_env_build_alias_value=
ac_cv_env_host_alias_set=
ac_cv_env_host_alias_value=
ac_cv_env_target_alias_set=
ac_cv_env_target_alias_value=
ac_cv_exeext=.exe
ac_cv_header_dlfcn_h=yes
ac_cv_header_inttypes_h=yes
ac_cv_header_io_h=yes
ac_cv_header_stdint_h=yes
ac_cv_header_stdio_h=yes
ac_cv_header_stdlib_h=yes
ac_cv_header_string_h=yes
ac_cv_header_strings_h=yes
ac_cv_header_sys_stat_h=yes
ac_cv_header_sys_types_h=yes
ac_cv_header_unistd_h=yes
ac_cv_host=i386-pc-os2-emx
ac_cv_objext=o
ac_cv_path_EGREP='/@unixroot/usr/bin/grep.exe -E'
ac_cv_path_EGREP_TRADITIONAL='/@unixroot/usr/bin/grep.exe -E'
ac_cv_path_FGREP='/@unixroot/usr/bin/grep.exe -F'
ac_cv_path_GREP=/@unixroot/usr/bin/grep.exe
ac_cv_path_SED=/@unixroot/usr/bin/sed
ac_cv_path_install='/@unixroot/usr/bin/install.exe -c'
ac_cv_path_lt_DD=/@unixroot/usr/bin/dd.exe
ac_cv_path_mkdir=/@unixroot/usr/bin/mkdir.exe
ac_cv_prog_AWK=gawk
ac_cv_prog_FILECMD=file
ac_cv_prog_ac_ct_AR=ar
ac_cv_prog_ac_ct_CC=gcc
ac_cv_prog_ac_ct_OBJDUMP=objdump
ac_cv_prog_ac_ct_RANLIB=ranlib
ac_cv_prog_ac_ct_STRIP=strip
ac_cv_prog_cc_c11=
ac_cv_prog_cc_g=yes
ac_cv_prog_cc_stdc=
ac_cv_prog_make_make_set=yes
am_cv_CC_dependencies_compiler_type=none
am_cv_ar_interface=ar
am_cv_make_support_nested_variables=yes
am_cv_prog_cc_c_o=yes
lt_cv_ar_at_file=@
lt_cv_deplibs_check_method=pass_all
lt_cv_file_magic_cmd='$MAGIC_CMD'
lt_cv_file_magic_test_file=
lt_cv_ld_reload_flag=-r
lt_cv_nm_interface='BSD nm'
lt_cv_objdir=.libs
lt_cv_path_LD=/@unixroot/usr/bin/ld
lt_cv_path_NM='/@unixroot/usr/bin/nm -B'
lt_cv_path_manifest_tool=no
lt_cv_prog_compiler_c_o=yes
lt_cv_prog_compiler_pic='-DDLL_EXPORT -DPIC'
lt_cv_prog_compiler_pic_works=yes
lt_cv_prog_compiler_rtti_exceptions=no
lt_cv_prog_compiler_static_works=yes
lt_cv_prog_gnu_ld=no
lt_cv_sharedlib_from_linklib_cmd='printf %s\n'
lt_cv_sys_global_symbol_pipe='/@unixroot/usr/bin/sed -n -e '\''s/^.*[	 ]\([ABCDGIRSTW][ABCDGIRSTW]*\)[	 ][	 ]*_\([_A-Za-z][_A-Za-z0-9]*\)$/\1 _\2 \2/p'\'' | /@unixroot/usr/bin/sed '\''/ __gnu_lto/d'\'''
lt_cv_sys_global_symbol_to_c_name_address='/@unixroot/usr/bin/sed -n -e '\''s/^: \(.*\) .*$/  {"\1", (void *) 0},/p'\'' -e '\''s/^[ABCDGIRSTW][ABCDGIRSTW]* .* \(.*\)$/  {"\1", (void *) \&\1},/p'\'''
lt_cv_sys_global_symbol_to_c_name_address_lib_prefix='/@unixroot/usr/bin/sed -n -e '\''s/^: \(.*\) .*$/  {"\1", (void *) 0},/p'\'' -e '\''s/^[ABCDGIRSTW][ABCDGIRSTW]* .* \(lib.*\)$/  {"\1", (void *) \&\1},/p'\'' -e '\''s/^[ABCDGIRSTW][ABCDGIRSTW]* .* \(.*\)$/  {"lib\1", (void *) \&\1},/p'\'''
lt_cv_sys_global_symbol_to_cdecl='/@unixroot/usr/bin/sed -n -e '\''s/^T .* \(.*\)$/extern int \1();/p'\'' -e '\''s/^[ABCDGIRSTW][ABCDGIRSTW]* .* \(.*\)$/extern char \1;/p'\'''
lt_cv_sys_global_symbol_to_import=
lt_cv_sys_max_cmd_len=8192
lt_cv_to_host_file_cmd=func_convert_file_noop
lt_cv_to_tool_file_cmd=func_convert_file_noop
lt_cv_truncate_bin='/@unixroot/usr/bin/dd.exe bs=4096 count=1'

## ----------------- ##
## Output variables. ##
## ----------------- ##

ACLOCAL='${SHELL} '\''H:/tmp/APP-SCIENCE-XTide/libtcd/missing'\'' aclocal-1.16'
AMDEPBACKSLASH='\'
AMDEP_FALSE='#'
AMDEP_TRUE=''
AMTAR='$${TAR-tar}'
AM_BACKSLASH='\'
AM_DEFAULT_V='$(AM_DEFAULT_VERBOSITY)'
AM_DEFAULT_VERBOSITY='1'
AM_V='$(V)'
AR='ar'
AUTOCONF='${SHELL} '\''H:/tmp/APP-SCIENCE-XTide/libtcd/missing'\'' autoconf'
AUTOHEADER='${SHELL} '\''H:/tmp/APP-SCIENCE-XTide/libtcd/missing'\'' autoheader'
AUTOMAKE='${SHELL} '\''H:/tmp/APP-SCIENCE-XTide/libtcd/missing'\'' automake-1.16'
AWK='gawk'
CC='gcc'
CCDEPMODE='depmode=none'
CFLAGS='-g -O2'
CPPFLAGS=''
CSCOPE='cscope'
CTAGS='ctags'
CYGPATH_W='echo'
DEFS='-DPACKAGE_NAME=\"libtcd\" -DPACKAGE_TARNAME=\"libtcd\" -DPACKAGE_VERSION=\"2.2.7\" -DPACKAGE_STRING=\"libtcd\ 2.2.7\" -DPACKAGE_BUGREPORT=\"dave@flaterco.com\" -DPACKAGE_URL=\"\" -DPACKAGE=\"libtcd\" -DVERSION=\"2.2.7\" -DHAVE_STDIO_H=1 -DHAVE_STDLIB_H=1 -DHAVE_STRING_H=1 -DHAVE_INTTYPES_H=1 -DHAVE_STDINT_H=1 -DHAVE_STRINGS_H=1 -DHAVE_SYS_STAT_H=1 -DHAVE_SYS_TYPES_H=1 -DHAVE_UNISTD_H=1 -DSTDC_HEADERS=1 -DHAVE_DLFCN_H=1 -DLT_OBJDIR=\".libs/\" -DHAVE_IO_H=1'
DEPDIR='.deps'
DLLTOOL='false'
DSYMUTIL=''
DUMPBIN=''
ECHO_C=''
ECHO_N='-n'
ECHO_T=''
EGREP='/@unixroot/usr/bin/grep.exe -E'
ETAGS='etags'
EXEEXT='.exe'
FGREP='/@unixroot/usr/bin/grep.exe -F'
FILECMD='file'
GREP='/@unixroot/usr/bin/grep.exe'
INSTALL_DATA='${INSTALL} -m 644'
INSTALL_PROGRAM='${INSTALL}'
INSTALL_SCRIPT='${INSTALL}'
INSTALL_STRIP_PROGRAM='$(install_sh) -c -s'
LD='/@unixroot/usr/bin/ld'
LDFLAGS='-Zomf -Zmap -Zhigh-mem'
LIBOBJS=''
LIBS='-lcx -lm'
LIBTOOL='$(SHELL) $(top_builddir)/libtool'
LIPO=''
LN_S='ln -s'
LTLIBOBJS=''
LT_SYS_LIBRARY_PATH=''
MAKEINFO='${SHELL} '\''H:/tmp/APP-SCIENCE-XTide/libtcd/missing'\'' makeinfo'
MANIFEST_TOOL=':'
MKDIR_P='/@unixroot/usr/bin/mkdir.exe -p'
NM='/@unixroot/usr/bin/nm -B'
NMEDIT=''
OBJDUMP='objdump'
OBJEXT='o'
OTOOL64=''
OTOOL=''
PACKAGE='libtcd'
PACKAGE_BUGREPORT='dave@flaterco.com'
PACKAGE_NAME='libtcd'
PACKAGE_STRING='libtcd 2.2.7'
PACKAGE_TARNAME='libtcd'
PACKAGE_URL=''
PACKAGE_VERSION='2.2.7'
PATH_SEPARATOR=';'
RANLIB='ranlib'
SED='/@unixroot/usr/bin/sed'
SET_MAKE=''
SHELL='/bin/sh'
STRIP='strip'
VERSION='2.2.7'
ac_ct_AR='ar'
ac_ct_CC='gcc'
ac_ct_DUMPBIN=''
am__EXEEXT_FALSE='#'
am__EXEEXT_TRUE=''
am__fastdepCC_FALSE=''
am__fastdepCC_TRUE='#'
am__include='#'
am__isrc=''
am__leading_dot='.'
am__nodep='_no'
am__quote=''
am__tar='$${TAR-tar} chof - "$$tardir"'
am__untar='$${TAR-tar} xf -'
bindir='${exec_prefix}/bin'
build='i386-pc-os2-emx'
build_alias=''
build_cpu='i386'
build_os='os2-emx'
build_vendor='pc'
datadir='${datarootdir}'
datarootdir='${prefix}/share'
def_COMPAT114='undef'
def_PRAGMAMESSAGE='undef'
docdir='${datarootdir}/doc/${PACKAGE_TARNAME}'
dvidir='${docdir}'
exec_prefix='${prefix}'
host='i386-pc-os2-emx'
host_alias=''
host_cpu='i386'
host_os='os2-emx'
host_vendor='pc'
htmldir='${docdir}'
includedir='${prefix}/include'
infodir='${datarootdir}/info'
install_sh='${SHELL} H:/tmp/APP-SCIENCE-XTide/libtcd/install-sh'
libdir='${exec_prefix}/lib'
libexecdir='${exec_prefix}/libexec'
libtcd_major_rev='2'
libtcd_minor_rev='2'
libtcd_patchlevel='.7'
libtcd_rev_date='2015-08-09'
localedir='${datarootdir}/locale'
localstatedir='${prefix}/var'
mandir='${datarootdir}/man'
mkdir_p='$(MKDIR_P)'
oldincludedir='/usr/include'
pdfdir='${docdir}'
prefix='/@unixroot/usr/local'
program_transform_name='s,x,x,'
psdir='${docdir}'
runstatedir='${localstatedir}/run'
sbindir='${exec_prefix}/sbin'
sharedstatedir='${prefix}/com'
sub_int16_t='int16_t'
sub_int32_t='int32_t'
sub_int64_t='int64_t'
sub_int8_t='int8_t'
sub_inttypes='#include <inttypes.h>'
sub_systypes='#include <sys/types.h>'
sub_uint16_t='uint16_t'
sub_uint32_t='uint32_t'
sub_uint64_t='uint64_t'
sub_uint8_t='uint8_t'
sysconfdir='${prefix}/etc'
target_alias=''
ver_COMPAT114=''

## ----------- ##
## confdefs.h. ##
## ----------- ##

/* confdefs.h */
#define PACKAGE_NAME "libtcd"
#define PACKAGE_TARNAME "libtcd"
#define PACKAGE_VERSION "2.2.7"
#define PACKAGE_STRING "libtcd 2.2.7"
#define PACKAGE_BUGREPORT "dave@flaterco.com"
#define PACKAGE_URL ""
#define PACKAGE "libtcd"
#define VERSION "2.2.7"
#define HAVE_STDIO_H 1
#define HAVE_STDLIB_H 1
#define HAVE_STRING_H 1
#define HAVE_INTTYPES_H 1
#define HAVE_STDINT_H 1
#define HAVE_STRINGS_H 1
#define HAVE_SYS_STAT_H 1
#define HAVE_SYS_TYPES_H 1
#define HAVE_UNISTD_H 1
#define STDC_HEADERS 1
#define HAVE_DLFCN_H 1
#define LT_OBJDIR ".libs/"
#define HAVE_IO_H 1

configure: exit 0
